生成启动时间为 2019/5/15 12:21:22。
     1>项目“G:\比特\Git\bit\day_12\test_4_20\test_4_20.vcxproj”在节点 2 上(Build 个目标)。
     1>ClCompile:
         G:\VS2013\VC\bin\CL.exe /c /ZI /nologo /W3 /WX- /sdl /Od /Oy- /D _MBCS /Gm /EHsc /RTC1 /MDd /GS /fp:precise /Zc:wchar_t /Zc:forScope /Fo"Debug\\" /Fd"Debug\vc120.pdb" /Gd /TC /analyze- /errorReport:prompt test_1.c test_2.c test_3.c test_4.c
         test_4.c
         test_3.c
         test_2.c
         test_1.c
         正在生成代码...
       Link:
         G:\VS2013\VC\bin\link.exe /ERRORREPORT:PROMPT /OUT:"G:\比特\Git\bit\day_12\Debug\test_4_20.exe" /INCREMENTAL /NOLOGO kernel32.lib user32.lib gdi32.lib winspool.lib comdlg32.lib advapi32.lib shell32.lib ole32.lib oleaut32.lib uuid.lib odbc32.lib odbccp32.lib /MANIFEST /MANIFESTUAC:"level='asInvoker' uiAccess='false'" /manifest:embed /DEBUG /PDB:"G:\比特\Git\bit\day_12\Debug\test_4_20.pdb" /TLBID:1 /DYNAMICBASE /NXCOMPAT /IMPLIB:"G:\比特\Git\bit\day_12\Debug\test_4_20.lib" /MACHINE:X86 Debug\test_1.obj
         Debug\test_2.obj
         Debug\test_3.obj
         Debug\test_4.obj
     1>test_2.obj : error LNK2005: _main 已经在 test_1.obj 中定义
     1>test_3.obj : error LNK2005: _main 已经在 test_1.obj 中定义
     1>test_4.obj : error LNK2005: _main 已经在 test_1.obj 中定义
     1>G:\比特\Git\bit\day_12\Debug\test_4_20.exe : fatal error LNK1169: 找到一个或多个多重定义的符号
     1>已完成生成项目“G:\比特\Git\bit\day_12\test_4_20\test_4_20.vcxproj”(Build 个目标)的操作 - 失败。

生成失败。

已用时间 00:00:01.87
