生成启动时间为 2019/5/16 21:56:03。
     1>项目“G:\Git\bit\day_07\test_3_31_2\test_3_31_2.vcxproj”在节点 2 上(Build 个目标)。
     1>ClCompile:
         G:\VS2013\VC\bin\CL.exe /c /ZI /nologo /W3 /WX- /sdl /Od /Oy- /D _MBCS /Gm /EHsc /RTC1 /MDd /GS /fp:precise /Zc:wchar_t /Zc:forScope /Fo"Debug\\" /Fd"Debug\vc120.pdb" /Gd /TC /analyze- /errorReport:prompt test_1_1.c test_1_2.c test_2.c test_4.c test_5.c
         test_5.c
         test_4.c
     1>g:\git\bit\day_07\test_3_31_2\test_4.c(25): warning C4133: “函数”: 从“char *”到“int *”的类型不兼容
         test_2.c
         test_1_2.c
         test_1_1.c
         正在生成代码...
     1>g:\git\bit\day_07\test_3_31_2\test_4.c(20): warning C4715: “my_strlen”: 不是所有的控件路径都返回值
     1>g:\git\bit\day_07\test_3_31_2\test_5.c(19): warning C4715: “my_strlen”: 不是所有的控件路径都返回值
         G:\VS2013\VC\bin\CL.exe /c /ZI /nologo /W3 /WX- /sdl /Od /Oy- /D _MBCS /Gm /EHsc /RTC1 /MDd /GS /fp:precise /Zc:wchar_t /Zc:forScope /Fo"Debug\\" /Fd"Debug\vc120.pdb" /Gd /TP /analyze- /errorReport:prompt test_3.cpp
         test_3.cpp
       Link:
         G:\VS2013\VC\bin\link.exe /ERRORREPORT:PROMPT /OUT:"G:\Git\bit\day_07\Debug\test_3_31_2.exe" /INCREMENTAL /NOLOGO kernel32.lib user32.lib gdi32.lib winspool.lib comdlg32.lib advapi32.lib shell32.lib ole32.lib oleaut32.lib uuid.lib odbc32.lib odbccp32.lib /MANIFEST /MANIFESTUAC:"level='asInvoker' uiAccess='false'" /manifest:embed /DEBUG /PDB:"G:\Git\bit\day_07\Debug\test_3_31_2.pdb" /TLBID:1 /DYNAMICBASE /NXCOMPAT /IMPLIB:"G:\Git\bit\day_07\Debug\test_3_31_2.lib" /MACHINE:X86 Debug\test_1_1.obj
         Debug\test_1_2.obj
         Debug\test_2.obj
         Debug\test_3.obj
         Debug\test_4.obj
         Debug\test_5.obj
     1>test_1_2.obj : error LNK2005: _main 已经在 test_1_1.obj 中定义
     1>test_2.obj : error LNK2005: _main 已经在 test_1_1.obj 中定义
     1>test_3.obj : error LNK2005: _main 已经在 test_1_1.obj 中定义
     1>test_4.obj : error LNK2005: _main 已经在 test_1_1.obj 中定义
     1>test_5.obj : error LNK2005: _main 已经在 test_1_1.obj 中定义
     1>test_5.obj : error LNK2005: _my_strlen 已经在 test_4.obj 中定义
     1>G:\Git\bit\day_07\Debug\test_3_31_2.exe : fatal error LNK1169: 找到一个或多个多重定义的符号
     1>已完成生成项目“G:\Git\bit\day_07\test_3_31_2\test_3_31_2.vcxproj”(Build 个目标)的操作 - 失败。

生成失败。

已用时间 00:00:06.00
